-------------------------------------------------------------------------------
Test set: dev.nivic.coa.query.BalanceQueryServiceTest
-------------------------------------------------------------------------------
Tests run: 4, Failures: 0, Errors: 3, Skipped: 0, Time elapsed: 12.36 s <<< FAILURE! -- in dev.nivic.coa.query.BalanceQueryServiceTest
dev.nivic.coa.query.BalanceQueryServiceTest.testSingleAccountQuery -- Time elapsed: 0.011 s <<< ERROR!
java.util.concurrent.ExecutionException: java.lang.RuntimeException: Balance query failed
	at java.base/java.util.concurrent.CompletableFuture.wrapInExecutionException(CompletableFuture.java:345)
	at java.base/java.util.concurrent.CompletableFuture.reportGet(CompletableFuture.java:440)
	at java.base/java.util.concurrent.CompletableFuture.get(CompletableFuture.java:2117)
	at dev.nivic.coa.query.BalanceQueryServiceTest.testSingleAccountQuery(BalanceQueryServiceTest.java:40)
	at java.base/java.lang.reflect.Method.invoke(Method.java:565)
	at java.base/java.util.ArrayList.forEach(ArrayList.java:1604)
	at java.base/java.util.ArrayList.forEach(ArrayList.java:1604)
Caused by: java.lang.RuntimeException: Balance query failed
	at dev.nivic.coa.query.BalanceQueryHandler.processBatch(BalanceQueryHandler.java:64)
	at dev.nivic.coa.query.BalanceQueryHandler.onEvent(BalanceQueryHandler.java:36)
	at dev.nivic.coa.query.BalanceQueryHandler.onEvent(BalanceQueryHandler.java:12)
	at com.lmax.disruptor.BatchEventProcessor.processEvents(BatchEventProcessor.java:168)
	at com.lmax.disruptor.BatchEventProcessor.run(BatchEventProcessor.java:125)
	at java.base/java.util.concurrent.ThreadPoolExecutor.runWorker(ThreadPoolExecutor.java:1090)
	at java.base/java.util.concurrent.ThreadPoolExecutor$Worker.run(ThreadPoolExecutor.java:614)
	at java.base/java.lang.Thread.run(Thread.java:1474)
Caused by: org.postgresql.util.PSQLException: FATAL: role "user" does not exist
	at org.postgresql.core.v3.QueryExecutorImpl.receiveErrorResponse(QueryExecutorImpl.java:2733)
	at org.postgresql.core.v3.QueryExecutorImpl.readStartupMessages(QueryExecutorImpl.java:2845)
	at org.postgresql.core.v3.QueryExecutorImpl.<init>(QueryExecutorImpl.java:176)
	at org.postgresql.core.v3.ConnectionFactoryImpl.openConnectionImpl(ConnectionFactoryImpl.java:323)
	at org.postgresql.core.ConnectionFactory.openConnection(ConnectionFactory.java:54)
	at org.postgresql.jdbc.PgConnection.<init>(PgConnection.java:273)
	at org.postgresql.Driver.makeConnection(Driver.java:446)
	at org.postgresql.Driver.connect(Driver.java:298)
	at java.sql/java.sql.DriverManager.getConnection(DriverManager.java:613)
	at java.sql/java.sql.DriverManager.getConnection(DriverManager.java:199)
	at dev.nivic.coa.query.BalanceQueryHandler.getConnection(BalanceQueryHandler.java:325)
	at dev.nivic.coa.query.BalanceQueryHandler.processBatch(BalanceQueryHandler.java:56)
	... 7 more

dev.nivic.coa.query.BalanceQueryServiceTest.testWalletQueries -- Time elapsed: 0.003 s <<< ERROR!
java.util.concurrent.ExecutionException: java.lang.RuntimeException: Balance query failed
	at java.base/java.util.concurrent.CompletableFuture.wrapInExecutionException(CompletableFuture.java:345)
	at java.base/java.util.concurrent.CompletableFuture.reportGet(CompletableFuture.java:440)
	at java.base/java.util.concurrent.CompletableFuture.get(CompletableFuture.java:2117)
	at dev.nivic.coa.query.BalanceQueryServiceTest.testWalletQueries(BalanceQueryServiceTest.java:185)
	at java.base/java.lang.reflect.Method.invoke(Method.java:565)
	at java.base/java.util.ArrayList.forEach(ArrayList.java:1604)
	at java.base/java.util.ArrayList.forEach(ArrayList.java:1604)
Caused by: java.lang.RuntimeException: Balance query failed
	at dev.nivic.coa.query.BalanceQueryHandler.processBatch(BalanceQueryHandler.java:64)
	at dev.nivic.coa.query.BalanceQueryHandler.onEvent(BalanceQueryHandler.java:36)
	at dev.nivic.coa.query.BalanceQueryHandler.onEvent(BalanceQueryHandler.java:12)
	at com.lmax.disruptor.BatchEventProcessor.processEvents(BatchEventProcessor.java:168)
	at com.lmax.disruptor.BatchEventProcessor.run(BatchEventProcessor.java:125)
	at java.base/java.util.concurrent.ThreadPoolExecutor.runWorker(ThreadPoolExecutor.java:1090)
	at java.base/java.util.concurrent.ThreadPoolExecutor$Worker.run(ThreadPoolExecutor.java:614)
	at java.base/java.lang.Thread.run(Thread.java:1474)
Caused by: org.postgresql.util.PSQLException: FATAL: role "user" does not exist
	at org.postgresql.core.v3.QueryExecutorImpl.receiveErrorResponse(QueryExecutorImpl.java:2733)
	at org.postgresql.core.v3.QueryExecutorImpl.readStartupMessages(QueryExecutorImpl.java:2845)
	at org.postgresql.core.v3.QueryExecutorImpl.<init>(QueryExecutorImpl.java:176)
	at org.postgresql.core.v3.ConnectionFactoryImpl.openConnectionImpl(ConnectionFactoryImpl.java:323)
	at org.postgresql.core.ConnectionFactory.openConnection(ConnectionFactory.java:54)
	at org.postgresql.jdbc.PgConnection.<init>(PgConnection.java:273)
	at org.postgresql.Driver.makeConnection(Driver.java:446)
	at org.postgresql.Driver.connect(Driver.java:298)
	at java.sql/java.sql.DriverManager.getConnection(DriverManager.java:613)
	at java.sql/java.sql.DriverManager.getConnection(DriverManager.java:199)
	at dev.nivic.coa.query.BalanceQueryHandler.getConnection(BalanceQueryHandler.java:325)
	at dev.nivic.coa.query.BalanceQueryHandler.processBatch(BalanceQueryHandler.java:56)
	... 7 more

dev.nivic.coa.query.BalanceQueryServiceTest.testBatchedQueries -- Time elapsed: 0.007 s <<< ERROR!
java.util.concurrent.ExecutionException: java.lang.RuntimeException: Balance query failed
	at java.base/java.util.concurrent.CompletableFuture.wrapInExecutionException(CompletableFuture.java:345)
	at java.base/java.util.concurrent.CompletableFuture.reportGet(CompletableFuture.java:440)
	at java.base/java.util.concurrent.CompletableFuture.get(CompletableFuture.java:2117)
	at dev.nivic.coa.query.BalanceQueryServiceTest.testBatchedQueries(BalanceQueryServiceTest.java:74)
	at java.base/java.lang.reflect.Method.invoke(Method.java:565)
	at java.base/java.util.ArrayList.forEach(ArrayList.java:1604)
	at java.base/java.util.ArrayList.forEach(ArrayList.java:1604)
Caused by: java.lang.RuntimeException: Balance query failed
	at dev.nivic.coa.query.BalanceQueryHandler.processBatch(BalanceQueryHandler.java:64)
	at dev.nivic.coa.query.BalanceQueryHandler.onEvent(BalanceQueryHandler.java:36)
	at dev.nivic.coa.query.BalanceQueryHandler.onEvent(BalanceQueryHandler.java:12)
	at com.lmax.disruptor.BatchEventProcessor.processEvents(BatchEventProcessor.java:168)
	at com.lmax.disruptor.BatchEventProcessor.run(BatchEventProcessor.java:125)
	at java.base/java.util.concurrent.ThreadPoolExecutor.runWorker(ThreadPoolExecutor.java:1090)
	at java.base/java.util.concurrent.ThreadPoolExecutor$Worker.run(ThreadPoolExecutor.java:614)
	at java.base/java.lang.Thread.run(Thread.java:1474)
Caused by: org.postgresql.util.PSQLException: FATAL: role "user" does not exist
	at org.postgresql.core.v3.QueryExecutorImpl.receiveErrorResponse(QueryExecutorImpl.java:2733)
	at org.postgresql.core.v3.QueryExecutorImpl.readStartupMessages(QueryExecutorImpl.java:2845)
	at org.postgresql.core.v3.QueryExecutorImpl.<init>(QueryExecutorImpl.java:176)
	at org.postgresql.core.v3.ConnectionFactoryImpl.openConnectionImpl(ConnectionFactoryImpl.java:323)
	at org.postgresql.core.ConnectionFactory.openConnection(ConnectionFactory.java:54)
	at org.postgresql.jdbc.PgConnection.<init>(PgConnection.java:273)
	at org.postgresql.Driver.makeConnection(Driver.java:446)
	at org.postgresql.Driver.connect(Driver.java:298)
	at java.sql/java.sql.DriverManager.getConnection(DriverManager.java:613)
	at java.sql/java.sql.DriverManager.getConnection(DriverManager.java:199)
	at dev.nivic.coa.query.BalanceQueryHandler.getConnection(BalanceQueryHandler.java:325)
	at dev.nivic.coa.query.BalanceQueryHandler.processBatch(BalanceQueryHandler.java:56)
	... 7 more

