-------------------------------------------------------------------------------
Test set: dev.nivic.coa.AccountManagerTest
-------------------------------------------------------------------------------
Tests run: 9, Failures: 1, Errors: 2, Skipped: 0, Time elapsed: 1.879 s <<< FAILURE! -- in dev.nivic.coa.AccountManagerTest
dev.nivic.coa.AccountManagerTest.testPeriodManagement -- Time elapsed: 0.010 s <<< ERROR!
java.lang.RuntimeException: Failed to create period: 2026-01-01 to 2026-01-31
	at dev.nivic.coa.JdbcAccountManager.createPeriod(JdbcAccountManager.java:361)
	at dev.nivic.coa.AccountManagerTest.testPeriodManagement(AccountManagerTest.java:145)
	at java.base/java.lang.reflect.Method.invoke(Method.java:565)
	at java.base/java.util.ArrayList.forEach(ArrayList.java:1604)
	at java.base/java.util.ArrayList.forEach(ArrayList.java:1604)
Caused by: org.postgresql.util.PSQLException: ERROR: duplicate key value violates unique constraint "accounting_periods_pkey"
  Detail: Key (period_end)=(2026-01-31) already exists.
	at org.postgresql.core.v3.QueryExecutorImpl.receiveErrorResponse(QueryExecutorImpl.java:2733)
	at org.postgresql.core.v3.QueryExecutorImpl.processResults(QueryExecutorImpl.java:2420)
	at org.postgresql.core.v3.QueryExecutorImpl.execute(QueryExecutorImpl.java:372)
	at org.postgresql.jdbc.PgStatement.executeInternal(PgStatement.java:517)
	at org.postgresql.jdbc.PgStatement.execute(PgStatement.java:434)
	at org.postgresql.jdbc.PgPreparedStatement.executeWithFlags(PgPreparedStatement.java:194)
	at org.postgresql.jdbc.PgPreparedStatement.executeUpdate(PgPreparedStatement.java:155)
	at dev.nivic.coa.JdbcAccountManager.createPeriod(JdbcAccountManager.java:359)
	... 4 more

dev.nivic.coa.AccountManagerTest.testAccountStatusTransitions -- Time elapsed: 0.013 s <<< FAILURE!
org.opentest4j.AssertionFailedError: expected: <true> but was: <false>
	at org.junit.jupiter.api.AssertionFailureBuilder.build(AssertionFailureBuilder.java:151)
	at org.junit.jupiter.api.AssertionFailureBuilder.buildAndThrow(AssertionFailureBuilder.java:132)
	at org.junit.jupiter.api.AssertTrue.failNotTrue(AssertTrue.java:63)
	at org.junit.jupiter.api.AssertTrue.assertTrue(AssertTrue.java:36)
	at org.junit.jupiter.api.AssertTrue.assertTrue(AssertTrue.java:31)
	at org.junit.jupiter.api.Assertions.assertTrue(Assertions.java:183)
	at dev.nivic.coa.AccountManagerTest.testAccountStatusTransitions(AccountManagerTest.java:111)
	at java.base/java.lang.reflect.Method.invoke(Method.java:565)
	at java.base/java.util.ArrayList.forEach(ArrayList.java:1604)
	at java.base/java.util.ArrayList.forEach(ArrayList.java:1604)

dev.nivic.coa.AccountManagerTest.testCannotDeactivateAccountWithChildren -- Time elapsed: 0.014 s <<< ERROR!
dev.nivic.coa.error.AccountException$AlreadyExists: Account already exists: 1200
	at dev.nivic.coa.JdbcAccountManager.createAccount(JdbcAccountManager.java:185)
	at dev.nivic.coa.AccountManagerTest.testCannotDeactivateAccountWithChildren(AccountManagerTest.java:127)
	at java.base/java.lang.reflect.Method.invoke(Method.java:565)
	at java.base/java.util.ArrayList.forEach(ArrayList.java:1604)
	at java.base/java.util.ArrayList.forEach(ArrayList.java:1604)

