<?xml version="1.0" encoding="UTF-8"?>
<testsuite xmlns:xsi="http://www.w3.org/2001/XMLSchema-instance" xsi:noNamespaceSchemaLocation="https://maven.apache.org/surefire/maven-surefire-plugin/xsd/surefire-test-report.xsd" version="3.0.2" name="dev.nivic.coa.AccountManagerTest" time="1.879" tests="9" errors="2" skipped="0" failures="1">
  <properties>
[...]
</properties>
  <testcase name="testValidatePostingAllowed" classname="dev.nivic.coa.AccountManagerTest" time="0.635">
    <system-err><![CDATA[SLF4J: Failed to load class "org.slf4j.impl.StaticLoggerBinder".
SLF4J: Defaulting to no-operation (NOP) logger implementation
SLF4J: See http://www.slf4j.org/codes.html#StaticLoggerBinder for further details.
]]></system-err>
  </testcase>
  <testcase name="testFindByKind" classname="dev.nivic.coa.AccountManagerTest" time="0.015"/>
  <testcase name="testCreateAccountWithHierarchy" classname="dev.nivic.coa.AccountManagerTest" time="0.042"/>
  <testcase name="testPeriodManagement" classname="dev.nivic.coa.AccountManagerTest" time="0.01">
    <error message="Failed to create period: 2026-01-01 to 2026-01-31" type="java.lang.RuntimeException"><![CDATA[java.lang.RuntimeException: Failed to create period: 2026-01-01 to 2026-01-31
	at dev.nivic.coa.JdbcAccountManager.createPeriod(JdbcAccountManager.java:361)
	at dev.nivic.coa.AccountManagerTest.testPeriodManagement(AccountManagerTest.java:145)
	at java.base/java.lang.reflect.Method.invoke(Method.java:565)
	at java.base/java.util.ArrayList.forEach(ArrayList.java:1604)
	at java.base/java.util.ArrayList.forEach(ArrayList.java:1604)
Caused by: org.postgresql.util.PSQLException: ERROR: duplicate key value violates unique constraint "accounting_periods_pkey"
  Detail: Key (period_end)=(2026-01-31) already exists.
	at org.postgresql.core.v3.QueryExecutorImpl.receiveErrorResponse(QueryExecutorImpl.java:2733)
	at org.postgresql.core.v3.QueryExecutorImpl.processResults(QueryExecutorImpl.java:2420)
	at org.postgresql.core.v3.QueryExecutorImpl.execute(QueryExecutorImpl.java:372)
	at org.postgresql.jdbc.PgStatement.executeInternal(PgStatement.java:517)
	at org.postgresql.jdbc.PgStatement.execute(PgStatement.java:434)
	at org.postgresql.jdbc.PgPreparedStatement.executeWithFlags(PgPreparedStatement.java:194)
	at org.postgresql.jdbc.PgPreparedStatement.executeUpdate(PgPreparedStatement.java:155)
	at dev.nivic.coa.JdbcAccountManager.createPeriod(JdbcAccountManager.java:359)
	... 4 more
]]></error>
  </testcase>
  <testcase name="testInitializeDefaultCOA" classname="dev.nivic.coa.AccountManagerTest" time="0.033"/>
  <testcase name="testIdempotentInitialization" classname="dev.nivic.coa.AccountManagerTest" time="0.02"/>
  <testcase name="testAccountStatusTransitions" classname="dev.nivic.coa.AccountManagerTest" time="0.013">
    <failure message="expected: &lt;true&gt; but was: &lt;false&gt;" type="org.opentest4j.AssertionFailedError"><![CDATA[org.opentest4j.AssertionFailedError: expected: <true> but was: <false>
	at org.junit.jupiter.api.AssertionFailureBuilder.build(AssertionFailureBuilder.java:151)
	at org.junit.jupiter.api.AssertionFailureBuilder.buildAndThrow(AssertionFailureBuilder.java:132)
	at org.junit.jupiter.api.AssertTrue.failNotTrue(AssertTrue.java:63)
	at org.junit.jupiter.api.AssertTrue.assertTrue(AssertTrue.java:36)
	at org.junit.jupiter.api.AssertTrue.assertTrue(AssertTrue.java:31)
	at org.junit.jupiter.api.Assertions.assertTrue(Assertions.java:183)
	at dev.nivic.coa.AccountManagerTest.testAccountStatusTransitions(AccountManagerTest.java:111)
	at java.base/java.lang.reflect.Method.invoke(Method.java:565)
	at java.base/java.util.ArrayList.forEach(ArrayList.java:1604)
	at java.base/java.util.ArrayList.forEach(ArrayList.java:1604)
]]></failure>
  </testcase>
  <testcase name="testFindByCurrency" classname="dev.nivic.coa.AccountManagerTest" time="0.018"/>
  <testcase name="testCannotDeactivateAccountWithChildren" classname="dev.nivic.coa.AccountManagerTest" time="0.014">
    <error message="Account already exists: 1200" type="dev.nivic.coa.error.AccountException$AlreadyExists"><![CDATA[dev.nivic.coa.error.AccountException$AlreadyExists: Account already exists: 1200
	at dev.nivic.coa.JdbcAccountManager.createAccount(JdbcAccountManager.java:185)
	at dev.nivic.coa.AccountManagerTest.testCannotDeactivateAccountWithChildren(AccountManagerTest.java:127)
	at java.base/java.lang.reflect.Method.invoke(Method.java:565)
	at java.base/java.util.ArrayList.forEach(ArrayList.java:1604)
	at java.base/java.util.ArrayList.forEach(ArrayList.java:1604)
]]></error>
  </testcase>
</testsuite>