<?xml version="1.0" encoding="UTF-8"?>
<testsuite xmlns:xsi="http://www.w3.org/2001/XMLSchema-instance" xsi:noNamespaceSchemaLocation="https://maven.apache.org/surefire/maven-surefire-plugin/xsd/surefire-test-report.xsd" version="3.0.2" name="dev.nivic.coa.query.BalanceQueryServiceTest" time="12.36" tests="4" errors="3" skipped="0" failures="0">
  <properties>
[...]
</properties>
  <testcase name="testSingleAccountQuery" classname="dev.nivic.coa.query.BalanceQueryServiceTest" time="0.011">
    <error message="java.lang.RuntimeException: Balance query failed" type="java.util.concurrent.ExecutionException"><![CDATA[java.util.concurrent.ExecutionException: java.lang.RuntimeException: Balance query failed
	at java.base/java.util.concurrent.CompletableFuture.wrapInExecutionException(CompletableFuture.java:345)
	at java.base/java.util.concurrent.CompletableFuture.reportGet(CompletableFuture.java:440)
	at java.base/java.util.concurrent.CompletableFuture.get(CompletableFuture.java:2117)
	at dev.nivic.coa.query.BalanceQueryServiceTest.testSingleAccountQuery(BalanceQueryServiceTest.java:40)
	at java.base/java.lang.reflect.Method.invoke(Method.java:565)
	at java.base/java.util.ArrayList.forEach(ArrayList.java:1604)
	at java.base/java.util.ArrayList.forEach(ArrayList.java:1604)
Caused by: java.lang.RuntimeException: Balance query failed
	at dev.nivic.coa.query.BalanceQueryHandler.processBatch(BalanceQueryHandler.java:64)
	at dev.nivic.coa.query.BalanceQueryHandler.onEvent(BalanceQueryHandler.java:36)
	at dev.nivic.coa.query.BalanceQueryHandler.onEvent(BalanceQueryHandler.java:12)
	at com.lmax.disruptor.BatchEventProcessor.processEvents(BatchEventProcessor.java:168)
	at com.lmax.disruptor.BatchEventProcessor.run(BatchEventProcessor.java:125)
	at java.base/java.util.concurrent.ThreadPoolExecutor.runWorker(ThreadPoolExecutor.java:1090)
	at java.base/java.util.concurrent.ThreadPoolExecutor$Worker.run(ThreadPoolExecutor.java:614)
	at java.base/java.lang.Thread.run(Thread.java:1474)
Caused by: org.postgresql.util.PSQLException: FATAL: role "user" does not exist
	at org.postgresql.core.v3.QueryExecutorImpl.receiveErrorResponse(QueryExecutorImpl.java:2733)
	at org.postgresql.core.v3.QueryExecutorImpl.readStartupMessages(QueryExecutorImpl.java:2845)
	at org.postgresql.core.v3.QueryExecutorImpl.<init>(QueryExecutorImpl.java:176)
	at org.postgresql.core.v3.ConnectionFactoryImpl.openConnectionImpl(ConnectionFactoryImpl.java:323)
	at org.postgresql.core.ConnectionFactory.openConnection(ConnectionFactory.java:54)
	at org.postgresql.jdbc.PgConnection.<init>(PgConnection.java:273)
	at org.postgresql.Driver.makeConnection(Driver.java:446)
	at org.postgresql.Driver.connect(Driver.java:298)
	at java.sql/java.sql.DriverManager.getConnection(DriverManager.java:613)
	at java.sql/java.sql.DriverManager.getConnection(DriverManager.java:199)
	at dev.nivic.coa.query.BalanceQueryHandler.getConnection(BalanceQueryHandler.java:325)
	at dev.nivic.coa.query.BalanceQueryHandler.processBatch(BalanceQueryHandler.java:56)
	... 7 more
]]></error>
  </testcase>
  <testcase name="testWalletQueries" classname="dev.nivic.coa.query.BalanceQueryServiceTest" time="0.003">
    <error message="java.lang.RuntimeException: Balance query failed" type="java.util.concurrent.ExecutionException"><![CDATA[java.util.concurrent.ExecutionException: java.lang.RuntimeException: Balance query failed
	at java.base/java.util.concurrent.CompletableFuture.wrapInExecutionException(CompletableFuture.java:345)
	at java.base/java.util.concurrent.CompletableFuture.reportGet(CompletableFuture.java:440)
	at java.base/java.util.concurrent.CompletableFuture.get(CompletableFuture.java:2117)
	at dev.nivic.coa.query.BalanceQueryServiceTest.testWalletQueries(BalanceQueryServiceTest.java:185)
	at java.base/java.lang.reflect.Method.invoke(Method.java:565)
	at java.base/java.util.ArrayList.forEach(ArrayList.java:1604)
	at java.base/java.util.ArrayList.forEach(ArrayList.java:1604)
Caused by: java.lang.RuntimeException: Balance query failed
	at dev.nivic.coa.query.BalanceQueryHandler.processBatch(BalanceQueryHandler.java:64)
	at dev.nivic.coa.query.BalanceQueryHandler.onEvent(BalanceQueryHandler.java:36)
	at dev.nivic.coa.query.BalanceQueryHandler.onEvent(BalanceQueryHandler.java:12)
	at com.lmax.disruptor.BatchEventProcessor.processEvents(BatchEventProcessor.java:168)
	at com.lmax.disruptor.BatchEventProcessor.run(BatchEventProcessor.java:125)
	at java.base/java.util.concurrent.ThreadPoolExecutor.runWorker(ThreadPoolExecutor.java:1090)
	at java.base/java.util.concurrent.ThreadPoolExecutor$Worker.run(ThreadPoolExecutor.java:614)
	at java.base/java.lang.Thread.run(Thread.java:1474)
Caused by: org.postgresql.util.PSQLException: FATAL: role "user" does not exist
	at org.postgresql.core.v3.QueryExecutorImpl.receiveErrorResponse(QueryExecutorImpl.java:2733)
	at org.postgresql.core.v3.QueryExecutorImpl.readStartupMessages(QueryExecutorImpl.java:2845)
	at org.postgresql.core.v3.QueryExecutorImpl.<init>(QueryExecutorImpl.java:176)
	at org.postgresql.core.v3.ConnectionFactoryImpl.openConnectionImpl(ConnectionFactoryImpl.java:323)
	at org.postgresql.core.ConnectionFactory.openConnection(ConnectionFactory.java:54)
	at org.postgresql.jdbc.PgConnection.<init>(PgConnection.java:273)
	at org.postgresql.Driver.makeConnection(Driver.java:446)
	at org.postgresql.Driver.connect(Driver.java:298)
	at java.sql/java.sql.DriverManager.getConnection(DriverManager.java:613)
	at java.sql/java.sql.DriverManager.getConnection(DriverManager.java:199)
	at dev.nivic.coa.query.BalanceQueryHandler.getConnection(BalanceQueryHandler.java:325)
	at dev.nivic.coa.query.BalanceQueryHandler.processBatch(BalanceQueryHandler.java:56)
	... 7 more
]]></error>
  </testcase>
  <testcase name="testHighThroughput" classname="dev.nivic.coa.query.BalanceQueryServiceTest" time="12.339">
    <system-out><![CDATA[
=== High Throughput Test Results ===
Target: 20000 TPS for 10 seconds
Completed: true
Actual elapsed: 12334ms
Metrics: BalanceQueryMetrics{total=200000, avg=0,00μs, p95≈0μs, throughput=16339 QPS, queue=0}
Actual throughput: 16215 QPS
P95 latency: 0μs
]]></system-out>
  </testcase>
  <testcase name="testBatchedQueries" classname="dev.nivic.coa.query.BalanceQueryServiceTest" time="0.007">
    <error message="java.lang.RuntimeException: Balance query failed" type="java.util.concurrent.ExecutionException"><![CDATA[java.util.concurrent.ExecutionException: java.lang.RuntimeException: Balance query failed
	at java.base/java.util.concurrent.CompletableFuture.wrapInExecutionException(CompletableFuture.java:345)
	at java.base/java.util.concurrent.CompletableFuture.reportGet(CompletableFuture.java:440)
	at java.base/java.util.concurrent.CompletableFuture.get(CompletableFuture.java:2117)
	at dev.nivic.coa.query.BalanceQueryServiceTest.testBatchedQueries(BalanceQueryServiceTest.java:74)
	at java.base/java.lang.reflect.Method.invoke(Method.java:565)
	at java.base/java.util.ArrayList.forEach(ArrayList.java:1604)
	at java.base/java.util.ArrayList.forEach(ArrayList.java:1604)
Caused by: java.lang.RuntimeException: Balance query failed
	at dev.nivic.coa.query.BalanceQueryHandler.processBatch(BalanceQueryHandler.java:64)
	at dev.nivic.coa.query.BalanceQueryHandler.onEvent(BalanceQueryHandler.java:36)
	at dev.nivic.coa.query.BalanceQueryHandler.onEvent(BalanceQueryHandler.java:12)
	at com.lmax.disruptor.BatchEventProcessor.processEvents(BatchEventProcessor.java:168)
	at com.lmax.disruptor.BatchEventProcessor.run(BatchEventProcessor.java:125)
	at java.base/java.util.concurrent.ThreadPoolExecutor.runWorker(ThreadPoolExecutor.java:1090)
	at java.base/java.util.concurrent.ThreadPoolExecutor$Worker.run(ThreadPoolExecutor.java:614)
	at java.base/java.lang.Thread.run(Thread.java:1474)
Caused by: org.postgresql.util.PSQLException: FATAL: role "user" does not exist
	at org.postgresql.core.v3.QueryExecutorImpl.receiveErrorResponse(QueryExecutorImpl.java:2733)
	at org.postgresql.core.v3.QueryExecutorImpl.readStartupMessages(QueryExecutorImpl.java:2845)
	at org.postgresql.core.v3.QueryExecutorImpl.<init>(QueryExecutorImpl.java:176)
	at org.postgresql.core.v3.ConnectionFactoryImpl.openConnectionImpl(ConnectionFactoryImpl.java:323)
	at org.postgresql.core.ConnectionFactory.openConnection(ConnectionFactory.java:54)
	at org.postgresql.jdbc.PgConnection.<init>(PgConnection.java:273)
	at org.postgresql.Driver.makeConnection(Driver.java:446)
	at org.postgresql.Driver.connect(Driver.java:298)
	at java.sql/java.sql.DriverManager.getConnection(DriverManager.java:613)
	at java.sql/java.sql.DriverManager.getConnection(DriverManager.java:199)
	at dev.nivic.coa.query.BalanceQueryHandler.getConnection(BalanceQueryHandler.java:325)
	at dev.nivic.coa.query.BalanceQueryHandler.processBatch(BalanceQueryHandler.java:56)
	... 7 more
]]></error>
  </testcase>
</testsuite>