<?xml version="1.0" encoding="UTF-8"?>
<testsuite xmlns:xsi="http://www.w3.org/2001/XMLSchema-instance" xsi:noNamespaceSchemaLocation="https://maven.apache.org/surefire/maven-surefire-plugin/xsd/surefire-test-report.xsd" version="3.0.2" name="dev.nivic.payment.HotPathTest" time="0.04" tests="10" errors="0" skipped="0" failures="0">
  <properties>
[...]
</properties>
  <testcase name="orderIntentThenConfirm" classname="dev.nivic.payment.HotPathTest" time="0.024"/>
  <testcase name="idempotencyDuplicateRejected" classname="dev.nivic.payment.HotPathTest" time="0.002"/>
  <testcase name="extraDataWithinLimits" classname="dev.nivic.payment.HotPathTest" time="0.001"/>
  <testcase name="fullPostTransfer" classname="dev.nivic.payment.HotPathTest" time="0.001"/>
  <testcase name="twoPhaseCrossMidRejection" classname="dev.nivic.payment.HotPathTest" time="0.001"/>
  <testcase name="reversalSamePathAsTransfer" classname="dev.nivic.payment.HotPathTest" time="0.001"/>
  <testcase name="orderIntentThenReject" classname="dev.nivic.payment.HotPathTest" time="0.001"/>
  <testcase name="minWireLengthEnforced" classname="dev.nivic.payment.HotPathTest" time="0.001"/>
  <testcase name="unknownMidRejected" classname="dev.nivic.payment.HotPathTest" time="0.001"/>
  <testcase name="badHmacRejected" classname="dev.nivic.payment.HotPathTest" time="0.001"/>
</testsuite>