<?xml version="1.0" encoding="UTF-8"?>
<testsuite xmlns:xsi="http://www.w3.org/2001/XMLSchema-instance" xsi:noNamespaceSchemaLocation="https://maven.apache.org/surefire/maven-surefire-plugin/xsd/surefire-test-report.xsd" version="3.0.2" name="dev.nivic.coa.api.MiniJsonTest" time="0.007" tests="10" errors="0" skipped="0" failures="0">
  <properties>
[...]
</properties>
  <testcase name="missingRequiredThrows" classname="dev.nivic.coa.api.MiniJsonTest" time="0.004"/>
  <testcase name="reqIntRangeChecked" classname="dev.nivic.coa.api.MiniJsonTest" time="0.001"/>
  <testcase name="parsesStringsNumbersBooleans" classname="dev.nivic.coa.api.MiniJsonTest" time="0.0"/>
  <testcase name="nonNumericStringForLongThrows" classname="dev.nivic.coa.api.MiniJsonTest" time="0.0"/>
  <testcase name="escapesOutput" classname="dev.nivic.coa.api.MiniJsonTest" time="0.0"/>
  <testcase name="malformedObjectThrows" classname="dev.nivic.coa.api.MiniJsonTest" time="0.0"/>
  <testcase name="emptyAndNullBody" classname="dev.nivic.coa.api.MiniJsonTest" time="0.001"/>
  <testcase name="reqLongAcceptsNumericString" classname="dev.nivic.coa.api.MiniJsonTest" time="0.0"/>
  <testcase name="optLongAndOptStringDefaults" classname="dev.nivic.coa.api.MiniJsonTest" time="0.0"/>
  <testcase name="handlesWhitespaceAndEscapesInValues" classname="dev.nivic.coa.api.MiniJsonTest" time="0.0"/>
</testsuite>