<?xml version="1.0" encoding="UTF-8"?>
<testsuite xmlns:xsi="http://www.w3.org/2001/XMLSchema-instance" xsi:noNamespaceSchemaLocation="https://maven.apache.org/surefire/maven-surefire-plugin/xsd/surefire-test-report.xsd" version="3.0.2" name="dev.nivic.coa.StagingValidationTest" time="1.749" tests="7" errors="0" skipped="0" failures="0">
  <properties>
[...]
</properties>
  <testcase name="step3_ExecuteTransactions" classname="dev.nivic.coa.StagingValidationTest" time="0.094">
    <system-out><![CDATA[
╔════════════════════════════════════════════════╗
║ PHASE 3 STAGING: Step 3 - Execute Txns        ║
╚════════════════════════════════════════════════╝

╔════════════════════════════════════════════════╗
║ PHASE 3 STAGING: Step 2 - Seed Chart of Acct  ║
╚════════════════════════════════════════════════╝

╔════════════════════════════════════════════════╗
║ PHASE 3 STAGING: Step 1 - Initialize Schema    ║
╚════════════════════════════════════════════════╝
✅ Schema initialized with BIGINT IDs
   - coa_account (with BIGINT balance_minor)
   - coa_trans (BIGINT GENERATED ID)
   - coa_trans_data (with FK to BIGINT trans_id)
   - 2 indexes created
✅ COA seeded with 7 accounts
✅ Executed 2 transactions (BIGINT IDs working)
   Trans ID=1 (BIGINT) ref=TXN-001
   Trans ID=2 (BIGINT) ref=TXN-002
]]></system-out>
    <system-err><![CDATA[SLF4J: Failed to load class "org.slf4j.impl.StaticLoggerBinder".
SLF4J: Defaulting to no-operation (NOP) logger implementation
SLF4J: See http://www.slf4j.org/codes.html#StaticLoggerBinder for further details.
]]></system-err>
  </testcase>
  <testcase name="step2_SeedChartOfAccounts" classname="dev.nivic.coa.StagingValidationTest" time="0.019">
    <system-out><![CDATA[
╔════════════════════════════════════════════════╗
║ PHASE 3 STAGING: Step 2 - Seed Chart of Acct  ║
╚════════════════════════════════════════════════╝

╔════════════════════════════════════════════════╗
║ PHASE 3 STAGING: Step 1 - Initialize Schema    ║
╚════════════════════════════════════════════════╝
✅ Schema initialized with BIGINT IDs
   - coa_account (with BIGINT balance_minor)
   - coa_trans (BIGINT GENERATED ID)
   - coa_trans_data (with FK to BIGINT trans_id)
   - 2 indexes created
✅ COA seeded with 7 accounts
]]></system-out>
  </testcase>
  <testcase name="phase3_Summary" classname="dev.nivic.coa.StagingValidationTest" time="0.143">
    <system-out><![CDATA[
══════════════════════════════════════════════════
║ PHASE 3 STAGING VALIDATION - COMPLETE ║
══════════════════════════════════════════════════

╔════════════════════════════════════════════════╗
║ PHASE 3 STAGING: Step 6 - E2E Workflow        ║
╚════════════════════════════════════════════════╝

╔════════════════════════════════════════════════╗
║ PHASE 3 STAGING: Step 5 - Reports & Validate  ║
╚════════════════════════════════════════════════╝

╔════════════════════════════════════════════════╗
║ PHASE 3 STAGING: Step 4 - Multi-user Load     ║
╚════════════════════════════════════════════════╝

╔════════════════════════════════════════════════╗
║ PHASE 3 STAGING: Step 3 - Execute Txns        ║
╚════════════════════════════════════════════════╝

╔════════════════════════════════════════════════╗
║ PHASE 3 STAGING: Step 2 - Seed Chart of Acct  ║
╚════════════════════════════════════════════════╝

╔════════════════════════════════════════════════╗
║ PHASE 3 STAGING: Step 1 - Initialize Schema    ║
╚════════════════════════════════════════════════╝
✅ Schema initialized with BIGINT IDs
   - coa_account (with BIGINT balance_minor)
   - coa_trans (BIGINT GENERATED ID)
   - coa_trans_data (with FK to BIGINT trans_id)
   - 2 indexes created
✅ COA seeded with 7 accounts
✅ Executed 2 transactions (BIGINT IDs working)
   Trans ID=3 (BIGINT) ref=TXN-001
   Trans ID=4 (BIGINT) ref=TXN-002
✅ Multi-user test completed
   Users: 10
   Txns/user: 50
   Success: 500
   Errors: 0
   Elapsed: 101ms
   Throughput: 4950 txns/sec

📊 Account Balances:
   1111 Bank Account         1.000.000.000
   2110 User Wallets         0
   2120 Merchant Wallets     0
   3100 Transit Deposit      0
   4110 Deposit Fees         0
   5100 Bank Fees            0
   6000 Equity               1.500.000.000

📊 Transaction Summary:
   Total transactions: 502
   Unique refs: 502

📊 Double-Entry Validation:
   Unbalanced transactions: 0

📊 Subsidiary Ledger (User Wallets):
   User 42: 99.000
   User 100: -5.000.000
   User 101: -5.000.000
   User 102: -5.000.000
   User 103: -5.000.000
   User 104: -5.000.000
   User 105: -5.000.000
   User 106: -5.000.000
   User 107: -5.000.000
   User 108: -5.000.000
   User 109: -5.000.000
   Total users with wallets: 11

✅ All reports generated successfully
✅ Double-entry invariant validated

🔄 Running E2E scenario:
   ✓ Deposit posted
   ✓ Wallet credited
   Final balances:
     1111: 1.000.000.000
     2110: 0
     3100: 0
     4110: 0

✅ E2E workflow completed successfully

✅ PHASE 3 RESULTS:
  1. Schema initialized with BIGINT IDs
  2. Chart of Accounts seeded
  3. Transactions posted with BIGINT IDs
  4. Multi-user concurrent load validated
  5. Reports generated & consistency verified
  6. End-to-end workflow successful

✅ READY FOR PHASE 4: PRODUCTION ROLLOUT
══════════════════════════════════════════════════

]]></system-out>
  </testcase>
  <testcase name="step5_GenerateReportsValidateConsistency" classname="dev.nivic.coa.StagingValidationTest" time="0.137">
    <system-out><![CDATA[
╔════════════════════════════════════════════════╗
║ PHASE 3 STAGING: Step 5 - Reports & Validate  ║
╚════════════════════════════════════════════════╝

╔════════════════════════════════════════════════╗
║ PHASE 3 STAGING: Step 4 - Multi-user Load     ║
╚════════════════════════════════════════════════╝

╔════════════════════════════════════════════════╗
║ PHASE 3 STAGING: Step 3 - Execute Txns        ║
╚════════════════════════════════════════════════╝

╔════════════════════════════════════════════════╗
║ PHASE 3 STAGING: Step 2 - Seed Chart of Acct  ║
╚════════════════════════════════════════════════╝

╔════════════════════════════════════════════════╗
║ PHASE 3 STAGING: Step 1 - Initialize Schema    ║
╚════════════════════════════════════════════════╝
✅ Schema initialized with BIGINT IDs
   - coa_account (with BIGINT balance_minor)
   - coa_trans (BIGINT GENERATED ID)
   - coa_trans_data (with FK to BIGINT trans_id)
   - 2 indexes created
✅ COA seeded with 7 accounts
✅ Executed 2 transactions (BIGINT IDs working)
   Trans ID=507 (BIGINT) ref=TXN-001
   Trans ID=508 (BIGINT) ref=TXN-002
✅ Multi-user test completed
   Users: 10
   Txns/user: 50
   Success: 500
   Errors: 0
   Elapsed: 108ms
   Throughput: 4630 txns/sec

📊 Account Balances:
   1111 Bank Account         1.000.000.000
   2110 User Wallets         0
   2120 Merchant Wallets     0
   3100 Transit Deposit      0
   4110 Deposit Fees         0
   5100 Bank Fees            0
   6000 Equity               1.500.000.000

📊 Transaction Summary:
   Total transactions: 502
   Unique refs: 502

📊 Double-Entry Validation:
   Unbalanced transactions: 0

📊 Subsidiary Ledger (User Wallets):
   User 42: 99.000
   User 100: -5.000.000
   User 101: -5.000.000
   User 102: -5.000.000
   User 103: -5.000.000
   User 104: -5.000.000
   User 105: -5.000.000
   User 106: -5.000.000
   User 107: -5.000.000
   User 108: -5.000.000
   User 109: -5.000.000
   Total users with wallets: 11

✅ All reports generated successfully
✅ Double-entry invariant validated
]]></system-out>
  </testcase>
  <testcase name="step1_InitializeSchema" classname="dev.nivic.coa.StagingValidationTest" time="0.005">
    <system-out><![CDATA[
╔════════════════════════════════════════════════╗
║ PHASE 3 STAGING: Step 1 - Initialize Schema    ║
╚════════════════════════════════════════════════╝
✅ Schema initialized with BIGINT IDs
   - coa_account (with BIGINT balance_minor)
   - coa_trans (BIGINT GENERATED ID)
   - coa_trans_data (with FK to BIGINT trans_id)
   - 2 indexes created
]]></system-out>
  </testcase>
  <testcase name="step4_ConcurrentMultiUserLoad" classname="dev.nivic.coa.StagingValidationTest" time="0.097">
    <system-out><![CDATA[
╔════════════════════════════════════════════════╗
║ PHASE 3 STAGING: Step 4 - Multi-user Load     ║
╚════════════════════════════════════════════════╝

╔════════════════════════════════════════════════╗
║ PHASE 3 STAGING: Step 3 - Execute Txns        ║
╚════════════════════════════════════════════════╝

╔════════════════════════════════════════════════╗
║ PHASE 3 STAGING: Step 2 - Seed Chart of Acct  ║
╚════════════════════════════════════════════════╝

╔════════════════════════════════════════════════╗
║ PHASE 3 STAGING: Step 1 - Initialize Schema    ║
╚════════════════════════════════════════════════╝
✅ Schema initialized with BIGINT IDs
   - coa_account (with BIGINT balance_minor)
   - coa_trans (BIGINT GENERATED ID)
   - coa_trans_data (with FK to BIGINT trans_id)
   - 2 indexes created
✅ COA seeded with 7 accounts
✅ Executed 2 transactions (BIGINT IDs working)
   Trans ID=1009 (BIGINT) ref=TXN-001
   Trans ID=1010 (BIGINT) ref=TXN-002
✅ Multi-user test completed
   Users: 10
   Txns/user: 50
   Success: 500
   Errors: 0
   Elapsed: 79ms
   Throughput: 6329 txns/sec
]]></system-out>
  </testcase>
  <testcase name="step6_EndToEndWorkflow" classname="dev.nivic.coa.StagingValidationTest" time="0.142">
    <system-out><![CDATA[
╔════════════════════════════════════════════════╗
║ PHASE 3 STAGING: Step 6 - E2E Workflow        ║
╚════════════════════════════════════════════════╝

╔════════════════════════════════════════════════╗
║ PHASE 3 STAGING: Step 5 - Reports & Validate  ║
╚════════════════════════════════════════════════╝

╔════════════════════════════════════════════════╗
║ PHASE 3 STAGING: Step 4 - Multi-user Load     ║
╚════════════════════════════════════════════════╝

╔════════════════════════════════════════════════╗
║ PHASE 3 STAGING: Step 3 - Execute Txns        ║
╚════════════════════════════════════════════════╝

╔════════════════════════════════════════════════╗
║ PHASE 3 STAGING: Step 2 - Seed Chart of Acct  ║
╚════════════════════════════════════════════════╝

╔════════════════════════════════════════════════╗
║ PHASE 3 STAGING: Step 1 - Initialize Schema    ║
╚════════════════════════════════════════════════╝
✅ Schema initialized with BIGINT IDs
   - coa_account (with BIGINT balance_minor)
   - coa_trans (BIGINT GENERATED ID)
   - coa_trans_data (with FK to BIGINT trans_id)
   - 2 indexes created
✅ COA seeded with 7 accounts
✅ Executed 2 transactions (BIGINT IDs working)
   Trans ID=1511 (BIGINT) ref=TXN-001
   Trans ID=1512 (BIGINT) ref=TXN-002
✅ Multi-user test completed
   Users: 10
   Txns/user: 50
   Success: 500
   Errors: 0
   Elapsed: 109ms
   Throughput: 4587 txns/sec

📊 Account Balances:
   1111 Bank Account         1.000.000.000
   2110 User Wallets         0
   2120 Merchant Wallets     0
   3100 Transit Deposit      0
   4110 Deposit Fees         0
   5100 Bank Fees            0
   6000 Equity               1.500.000.000

📊 Transaction Summary:
   Total transactions: 502
   Unique refs: 502

📊 Double-Entry Validation:
   Unbalanced transactions: 0

📊 Subsidiary Ledger (User Wallets):
   User 42: 99.000
   User 100: -5.000.000
   User 101: -5.000.000
   User 102: -5.000.000
   User 103: -5.000.000
   User 104: -5.000.000
   User 105: -5.000.000
   User 106: -5.000.000
   User 107: -5.000.000
   User 108: -5.000.000
   User 109: -5.000.000
   Total users with wallets: 11

✅ All reports generated successfully
✅ Double-entry invariant validated

🔄 Running E2E scenario:
   ✓ Deposit posted
   ✓ Wallet credited
   Final balances:
     1111: 1.000.000.000
     2110: 0
     3100: 0
     4110: 0

✅ E2E workflow completed successfully
]]></system-out>
  </testcase>
</testsuite>