<?xml version="1.0" encoding="UTF-8"?>
<testsuite xmlns:xsi="http://www.w3.org/2001/XMLSchema-instance" xsi:noNamespaceSchemaLocation="https://maven.apache.org/surefire/maven-surefire-plugin/xsd/surefire-test-report.xsd" version="3.0.2" name="dev.nivic.sevlet.GoldenVectorPrinter" time="0.028" tests="1" errors="0" skipped="0" failures="0">
  <properties>
[...]
</properties>
  <testcase name="printTransferVector" classname="dev.nivic.sevlet.GoldenVectorPrinter" time="0.021">
    <system-out><![CDATA[=== TRANSFER (empty extraData) ===
wire_hex: 0000000000000000000000000000000000002A00000000000003E800000000000003E7000000000000C35000000001000000022D7ACEF456B7E522B7C4DDD7972E48BBAA8377E12DBACE943501D99F118A330B
sig_hex:  2D7ACEF456B7E522B7C4DDD7972E48BBAA8377E12DBACE943501D99F118A330B
wire_len: 83
decoded.command:   0
decoded.mid:       42
decoded.requestId: 1000
decoded.orderId:   999
decoded.amount:    50000
decoded.debit:     1
decoded.credit:    2

=== CONFIRM_PAYMENT ===
wire_hex: 0000000000000000000001000000000000002A00000000000007D000000000000003E7000000000000C350000000010000000200000000DEADBEEF07070707070707070707070707070707070707070707070707070707070707078C429C5D328A102D110E6A27958B3A964C58529852A85CB2E9CEB6F5EBACDF8C
sig_hex:  8C429C5D328A102D110E6A27958B3A964C58529852A85CB2E9CEB6F5EBACDF8C
extra_hex: 00000000DEADBEEF0707070707070707070707070707070707070707070707070707070707070707
originalRequestId: 3735928559

=== ConfirmPayloadParser v0 ===
extra_hex: 00000000DEADBEEF07070707070707070707070707070707070707070707070707070707070707072A2A2A2A2A2A2A2A2A2A2A2A
originalRequestId: 3735928559
]]></system-out>
  </testcase>
</testsuite>