<?xml version="1.0" encoding="UTF-8"?>
<testsuite xmlns:xsi="http://www.w3.org/2001/XMLSchema-instance" xsi:noNamespaceSchemaLocation="https://maven.apache.org/surefire/maven-surefire-plugin/xsd/surefire-test-report.xsd" version="3.0.2" name="dev.nivic.coa.QrPosFlowTest" time="1.049" tests="14" errors="0" skipped="0" failures="0">
  <properties>
[...]
</properties>
  <testcase name="creditMerchant_idempotent" classname="dev.nivic.coa.QrPosFlowTest" time="0.048"/>
  <testcase name="receive_postsFourBalancedLines" classname="dev.nivic.coa.QrPosFlowTest" time="0.016"/>
  <testcase name="fullFlow_userWalletAndVietinbankNotTouched" classname="dev.nivic.coa.QrPosFlowTest" time="0.018"/>
  <testcase name="creditMerchant_merchantWalletAccumulates_pendingSettlement" classname="dev.nivic.coa.QrPosFlowTest" time="0.033"/>
  <testcase name="receive_updatesBalancesCorrectly" classname="dev.nivic.coa.QrPosFlowTest" time="0.015"/>
  <testcase name="creditMerchant_withoutReceive_throws" classname="dev.nivic.coa.QrPosFlowTest" time="0.012"/>
  <testcase name="creditMerchant_transitClearsToZero" classname="dev.nivic.coa.QrPosFlowTest" time="0.017"/>
  <testcase name="fullFlow_mixedQrPosAndOtherFlows_allTransitsClear" classname="dev.nivic.coa.QrPosFlowTest" time="0.027"/>
  <testcase name="creditMerchant_allBalancesMatchPdf" classname="dev.nivic.coa.QrPosFlowTest" time="0.018"/>
  <testcase name="receive_zeroVpbankCost_stillBalanced" classname="dev.nivic.coa.QrPosFlowTest" time="0.014"/>
  <testcase name="creditMerchant_postsTwoLines" classname="dev.nivic.coa.QrPosFlowTest" time="0.018"/>
  <testcase name="receive_idempotent" classname="dev.nivic.coa.QrPosFlowTest" time="0.016"/>
  <testcase name="fullFlow_merchantWalletPendingSettlement" classname="dev.nivic.coa.QrPosFlowTest" time="0.019"/>
  <testcase name="fullFlow_doubleEntryAlwaysBalanced" classname="dev.nivic.coa.QrPosFlowTest" time="0.018"/>
</testsuite>